[02:36:33] [ServerMain/INFO]: Environment: Environment[sessionHost=https://sessionserver.mojang.com, servicesHost=https://api.minecraftservices.com, name=PROD]
[02:36:35] [ServerMain/INFO]: Loaded 1337 recipes
[02:36:35] [ServerMain/INFO]: Loaded 1448 advancements
[02:36:35] [Server thread/INFO]: Starting minecraft server version 1.21.3
[02:36:35] [Server thread/INFO]: Loading properties
[02:36:35] [Server thread/INFO]: Default game type: SURVIVAL
[02:36:35] [Server thread/INFO]: Generating keypair
[02:36:35] [Server thread/INFO]: Starting Minecraft server on *:25565
[02:36:35] [Server thread/INFO]: Using epoll channel type
[02:36:35] [Server thread/WARN]: **** SERVER IS RUNNING IN OFFLINE/INSECURE MODE!
[02:36:35] [Server thread/WARN]: The server will make no attempt to authenticate usernames. Beware.
[02:36:35] [Server thread/WARN]: While this makes the game possible to play without internet access, it also opens up the ability for hackers to connect with any username they choose.
[02:36:35] [Server thread/WARN]: To change this, set "online-mode" to "true" in the server.properties file.
[02:36:35] [Server thread/INFO]: Preparing level "world"
[02:36:35] [Server thread/INFO]: Preparing start region for dimension minecraft:overworld
[02:36:38] [Worker-Main-3/INFO]: Preparing spawn area: 0%
[02:36:38] [Worker-Main-3/INFO]: Preparing spawn area: 0%
[02:36:38] [Worker-Main-3/INFO]: Preparing spawn area: 0%
[02:36:38] [Worker-Main-3/INFO]: Preparing spawn area: 0%
[02:36:38] [Worker-Main-3/INFO]: Preparing spawn area: 0%
[02:36:38] [Worker-Main-3/INFO]: Preparing spawn area: 51%
[02:36:38] [Server thread/INFO]: Time elapsed: 2524 ms
[02:36:38] [Server thread/INFO]: Done (2.800s)! For help, type "help"
[02:37:38] [Server thread/INFO]: Server empty for 60 seconds, pausing
[02:37:55] [Server thread/INFO]: eThundera[/127.49.182.177:46901] logged in with entity id 26 at (52.846798180282086, 63.0, -102.52646077827562)
[02:37:55] [Server thread/INFO]: eThundera joined the game
[02:39:08] [Server thread/INFO]: eThundera lost connection: Disconnected
[02:39:08] [Server thread/INFO]: eThundera left the game
[02:40:08] [Server thread/INFO]: Server empty for 60 seconds, pausing
